03:21:28 [INFO] Opening target process: csgo.exe
03:21:28 [ERROR] Could not open process csgo.exe!
06:50:19 [INFO] Opening target process: csgo.exe
06:50:19 [INFO] Starting signature scanning: 57 items
06:50:19 [INFO] Found signature: dwClientState => 0x58CFC4
06:50:19 [INFO] Found signature: dwClientState_GetLocalPlayer => 0x180
06:50:19 [INFO] Found signature: dwClientState_IsHLTV => 0x4D48
06:50:19 [INFO] Found signature: dwClientState_Map => 0x28C
06:50:19 [INFO] Found signature: dwClientState_MapDirectory => 0x188
06:50:19 [INFO] Found signature: dwClientState_MaxPlayer => 0x388
06:50:19 [INFO] Found signature: dwClientState_PlayerInfo => 0x52C0
06:50:19 [INFO] Found signature: dwClientState_State => 0x108
06:50:19 [INFO] Found signature: dwClientState_ViewAngles => 0x4D90
06:50:19 [INFO] Found signature: clientstate_delta_ticks => 0x174
06:50:19 [INFO] Found signature: clientstate_last_outgoing_command => 0x4D2C
06:50:19 [INFO] Found signature: clientstate_choked_commands => 0x4D30
06:50:19 [INFO] Found signature: clientstate_net_channel => 0x9C
06:50:19 [INFO] Found signature: dwEntityList => 0x4DD345C
06:50:19 [INFO] Found signature: dwForceAttack => 0x3203928
06:50:19 [INFO] Found signature: dwForceAttack2 => 0x3203934
06:50:19 [INFO] Found signature: dwForceBackward => 0x320397C
06:50:19 [INFO] Found signature: dwForceForward => 0x3203970
06:50:19 [INFO] Found signature: dwForceJump => 0x527D370
06:50:19 [INFO] Found signature: dwForceLeft => 0x3203988
06:50:19 [INFO] Found signature: dwForceRight => 0x3203994
06:50:19 [INFO] Found signature: dwGameDir => 0x62B880
06:50:19 [INFO] Found signature: dwGameRulesProxy => 0x52F0B9C
06:50:19 [INFO] Found signature: dwGetAllClasses => 0xDE177C
06:50:19 [INFO] Found signature: dwGlobalVars => 0x58CCC8
06:50:19 [INFO] Found signature: dwGlowObjectManager => 0x531C060
06:50:19 [INFO] Found signature: dwInput => 0x5224A30
06:50:19 [INFO] Found signature: dwInterfaceLinkList => 0x969514
06:50:19 [INFO] Found signature: dwLocalPlayer => 0xDB75DC
06:50:19 [INFO] Found signature: dwMouseEnable => 0xDBD2E8
06:50:19 [INFO] Found signature: dwMouseEnablePtr => 0xDBD2B8
06:50:19 [INFO] Found signature: dwPlayerResource => 0x3201CC0
06:50:19 [INFO] Found signature: dwRadarBase => 0x52081D4
06:50:19 [INFO] Found signature: dwSensitivity => 0xDBD184
06:50:19 [INFO] Found signature: dwSensitivityPtr => 0xDBD158
06:50:19 [INFO] Found signature: dwSetClanTag => 0x8A320
06:50:19 [INFO] Found signature: dwViewMatrix => 0x4DC4D74
06:50:19 [INFO] Found signature: dwWeaponTable => 0x52254F4
06:50:19 [INFO] Found signature: dwWeaponTableIndex => 0x326C
06:50:19 [INFO] Found signature: dwYawPtr => 0xDBCF48
06:50:19 [INFO] Found signature: dwZoomSensitivityRatioPtr => 0xDC31B0
06:50:19 [INFO] Found signature: dwbSendPackets => 0xD9662
06:50:19 [INFO] Found signature: dwppDirect3DDevice9 => 0xA5050
06:50:19 [INFO] Found signature: m_pStudioHdr => 0x2950
06:50:19 [INFO] Found signature: m_yawClassPtr => 0xDBCF48
06:50:19 [INFO] Found signature: m_pitchClassPtr => 0x5208470
06:50:19 [INFO] Found signature: interface_engine_cvar => 0x3E9EC
06:50:19 [INFO] Found signature: convar_name_hash_table => 0x2F0F8
06:50:19 [INFO] Found signature: m_bDormant => 0xED
06:50:19 [INFO] Found signature: model_ambient_min => 0x59003C
06:50:19 [INFO] Found signature: set_abs_angles => 0x1E5570
06:50:19 [INFO] Found signature: set_abs_origin => 0x1E53B0
06:50:19 [INFO] Found signature: is_c4_owner => 0x3C8970
06:50:19 [INFO] Found signature: force_update_spectator_glow => 0x3BB8FA
06:50:19 [INFO] Found signature: anim_overlays => 0x2990
06:50:19 [INFO] Found signature: m_flSpawnTime => 0x103C0
06:50:19 [INFO] Found signature: find_hud_element => 0x697B5200
06:50:19 [INFO] Finished signature scanning: 57/57 items successful
06:50:19 [INFO] Starting netvar scanning: 93 items
06:50:19 [INFO] Found netvar: m_ArmorValue => 0x117CC
06:50:19 [INFO] Found netvar: m_Collision => 0x320
06:50:19 [INFO] Found netvar: m_CollisionGroup => 0x474
06:50:19 [INFO] Found netvar: m_Local => 0x2FCC
06:50:19 [INFO] Found netvar: m_MoveType => 0x25B
06:50:19 [INFO] Found netvar: m_OriginalOwnerXuidHigh => 0x31D4
06:50:19 [INFO] Found netvar: m_OriginalOwnerXuidLow => 0x31D0
06:50:19 [INFO] Found netvar: m_aimPunchAngle => 0x303C
06:50:19 [INFO] Found netvar: m_aimPunchAngleVel => 0x3048
06:50:19 [INFO] Found netvar: m_bGunGameImmunity => 0x9990
06:50:19 [INFO] Found netvar: m_bHasDefuser => 0x117DC
06:50:19 [INFO] Found netvar: m_bHasHelmet => 0x117C0
06:50:19 [INFO] Found netvar: m_bInReload => 0x3248
06:50:19 [INFO] Found netvar: m_bIsDefusing => 0x997C
06:50:19 [INFO] Found netvar: m_bIsScoped => 0x9974
06:50:19 [INFO] Found netvar: m_bSpotted => 0x93D
06:50:19 [INFO] Found netvar: m_bSpottedByMask => 0x980
06:50:19 [INFO] Found netvar: m_dwBoneMatrix => 0x268C
06:50:19 [INFO] Found netvar: m_fAccuracyPenalty => 0x3340
06:50:19 [INFO] Found netvar: m_fFlags => 0x104
06:50:19 [INFO] Found netvar: m_hViewModel => 0x3308
06:50:19 [INFO] Found netvar: m_flFallbackWear => 0x31E0
06:50:19 [INFO] Found netvar: m_flFlashDuration => 0x10470
06:50:19 [INFO] Found netvar: m_flFlashMaxAlpha => 0x1046C
06:50:19 [INFO] Found netvar: m_flNextPrimaryAttack => 0x3248
06:50:19 [INFO] Found netvar: m_hActiveWeapon => 0x2F08
06:50:19 [INFO] Found netvar: m_hMyWeapons => 0x2F08
06:50:19 [INFO] Found netvar: m_hObserverTarget => 0x339C
06:50:19 [INFO] Found netvar: m_hOwner => 0x29DC
06:50:19 [INFO] Found netvar: m_hOwnerEntity => 0x14C
06:50:19 [INFO] Found netvar: m_iAccountID => 0x2FD8
06:50:19 [INFO] Found netvar: m_iClip1 => 0x3274
06:50:19 [INFO] Found netvar: m_zoomLevel => 0x33E0
06:50:19 [INFO] Found netvar: m_iCompetitiveRanking => 0x1A84
06:50:19 [INFO] Found netvar: m_iCompetitiveWins => 0x1B88
06:50:19 [INFO] Found netvar: m_iCrosshairId => 0x117DC
06:50:19 [INFO] Found netvar: m_iEntityQuality => 0x2FBC
06:50:19 [INFO] Found netvar: m_iFOVStart => 0x31F8
06:50:19 [INFO] Found netvar: m_iGlowIndex => 0x10470
06:50:19 [INFO] Found netvar: m_iHealth => 0x100
06:50:19 [INFO] Found netvar: m_iItemDefinitionIndex => 0x2FBA
06:50:19 [INFO] Found netvar: m_iItemIDHigh => 0x2FD0
06:50:19 [INFO] Found netvar: m_iObserverMode => 0x3388
06:50:19 [INFO] Found netvar: m_iShotsFired => 0x103E0
06:50:19 [INFO] Found netvar: m_iState => 0x3268
06:50:19 [INFO] Found netvar: m_iTeamNum => 0xF4
06:50:19 [INFO] Found netvar: m_lifeState => 0x25F
06:50:19 [INFO] Found netvar: m_nFallbackPaintKit => 0x31D8
06:50:19 [INFO] Found netvar: m_nFallbackSeed => 0x31DC
06:50:19 [INFO] Found netvar: m_nFallbackStatTrak => 0x31E4
06:50:19 [INFO] Found netvar: m_iDefaultFOV => 0x333C
06:50:19 [INFO] Found netvar: m_iFOV => 0x31F4
06:50:19 [INFO] Found netvar: m_nForceBone => 0x268C
06:50:19 [INFO] Found netvar: m_nTickBase => 0x3440
06:50:19 [INFO] Found netvar: m_rgflCoordinateFrame => 0x474
06:50:19 [INFO] Found netvar: m_szCustomName => 0x304C
06:50:19 [INFO] Found netvar: m_szLastPlaceName => 0x35C4
06:50:19 [INFO] Found netvar: m_vecOrigin => 0x138
06:50:19 [INFO] Found netvar: m_vecVelocity => 0x114
06:50:19 [INFO] Found netvar: m_vecViewOffset => 0x108
06:50:19 [INFO] Found netvar: m_viewPunchAngle => 0x3030
06:50:19 [INFO] Found netvar: m_thirdPersonViewAngles => 0x31E4
06:50:19 [INFO] Found netvar: m_clrRender => 0x70
06:50:19 [INFO] Found netvar: m_bBombTicking => 0x2990
06:50:19 [INFO] Found netvar: m_bBombDefused => 0x29C0
06:50:19 [INFO] Found netvar: m_flC4Blow => 0x29A0
06:50:19 [INFO] Found netvar: m_hBombDefuser => 0x29C4
06:50:19 [INFO] Found netvar: m_flTimerLength => 0x29A4
06:50:19 [INFO] Found netvar: m_flDefuseLength => 0x29B8
06:50:19 [INFO] Found netvar: m_flDefuseCountDown => 0x29BC
06:50:19 [INFO] Found netvar: m_nBombSite => 0x2994
06:50:19 [INFO] Found netvar: cs_gamerules_data => 0x0
06:50:19 [INFO] Found netvar: m_SurvivalRules => 0xD00
06:50:19 [INFO] Found netvar: m_SurvivalGameRuleDecisionTypes => 0x1328
06:50:19 [INFO] Found netvar: m_bIsValveDS => 0x7C
06:50:19 [INFO] Found netvar: m_bFreezePeriod => 0x20
06:50:19 [INFO] Found netvar: m_bBombPlanted => 0x9A5
06:50:19 [INFO] Found netvar: m_bIsQueuedMatchmaking => 0x74
06:50:19 [INFO] Found netvar: m_flSimulationTime => 0x268
06:50:19 [INFO] Found netvar: m_flLowerBodyYawTarget => 0x9ADC
06:50:19 [INFO] Found netvar: m_angEyeAnglesX => 0x117D0
06:50:19 [INFO] Found netvar: m_angEyeAnglesY => 0x117D4
06:50:19 [INFO] Found netvar: m_flNextAttack => 0x2D80
06:50:19 [INFO] Found netvar: m_iMostRecentModelBoneCounter => 0x268C
06:50:19 [INFO] Found netvar: m_flLastBoneSetupTime => 0x28C0
06:50:19 [INFO] Found netvar: m_bStartedArming => 0x3400
06:50:19 [INFO] Found netvar: m_bUseCustomBloomScale => 0x9DA
06:50:19 [INFO] Found netvar: m_bUseCustomAutoExposureMin => 0x9D8
06:50:19 [INFO] Found netvar: m_bUseCustomAutoExposureMax => 0x9D9
06:50:19 [INFO] Found netvar: m_flCustomBloomScale => 0x9E4
06:50:19 [INFO] Found netvar: m_flCustomAutoExposureMin => 0x9DC
06:50:19 [INFO] Found netvar: m_flCustomAutoExposureMax => 0x9E0
06:50:19 [INFO] Found netvar: m_nViewModelIndex => 0x29D0
06:50:19 [INFO] Finished netvar scanning: 93/93 items successful
